2023.12.22 15:39:41 INFO  Started: Metals version 1.2.0+12-644090c2-SNAPSHOT in folders '/home/peiheng/PSRP_RPD' for client Visual Studio Code - Insiders 1.85.0-insider.[0m
2023.12.22 15:39:42 WARN  Build server is not auto-connectable.[0m
2023.12.22 15:39:42 WARN  no build tool detected in workspace '/home/peiheng/PSRP_RPD'. The most common cause for this problem is that the editor was opened in the wrong working directory, for example if you use sbt then the workspace directory should contain build.sbt. [0m
2024.03.19 21:29:15 INFO  Started: Metals version 1.2.2 in folders '/home/peiheng/PSRP_RPD' for client Visual Studio Code - Insiders 1.88.0-insider.[0m
21:29:17.620 [pool-1-thread-5] INFO org.flywaydb.core.internal.license.VersionPrinter -- Flyway Community Edition 9.22.3 by Redgate
21:29:17.623 [pool-1-thread-5] INFO org.flywaydb.core.internal.license.VersionPrinter -- See release notes here: https://rd.gt/416ObMi
21:29:17.623 [pool-1-thread-5] INFO org.flywaydb.core.internal.license.VersionPrinter -- 
21:29:17.627 [pool-1-thread-5] DEBUG org.flywaydb.core.internal.scanner.classpath.ClassPathScanner -- Scanning for classpath resources at 'classpath:db/callback' ...
21:29:17.627 [pool-1-thread-5] DEBUG org.flywaydb.core.internal.scanner.classpath.ClassPathScanner -- Determining location urls for classpath:db/callback using ClassLoader jdk.internal.loader.ClassLoaders$AppClassLoader@55054057 ...
21:29:17.628 [pool-1-thread-5] DEBUG org.flywaydb.core.internal.scanner.classpath.ClassPathScanner -- Unable to resolve location classpath:db/callback.
21:29:17.628 [pool-1-thread-5] DEBUG org.flywaydb.core.internal.scanner.classpath.ClassPathScanner -- Scanning for classpath resources at 'classpath:db/migration' ...
21:29:17.628 [pool-1-thread-5] DEBUG org.flywaydb.core.internal.scanner.classpath.ClassPathScanner -- Determining location urls for classpath:db/migration using ClassLoader jdk.internal.loader.ClassLoaders$AppClassLoader@55054057 ...
21:29:17.628 [pool-1-thread-5] DEBUG org.flywaydb.core.internal.scanner.classpath.ClassPathScanner -- Scanning URL: jar:file:/home/peiheng/.cache/coursier/v1/https/repo1.maven.org/maven2/org/scalameta/metals_2.13/1.2.2/metals_2.13-1.2.2.jar!/db/migration
21:29:17.632 [pool-1-thread-5] DEBUG org.flywaydb.core.internal.scanner.classpath.ClassPathScanner -- Found resource: db/migration/
21:29:17.632 [pool-1-thread-5] DEBUG org.flywaydb.core.internal.scanner.classpath.ClassPathScanner -- Found resource: db/migration/V1__Create_tables.sql
21:29:17.632 [pool-1-thread-5] DEBUG org.flywaydb.core.internal.scanner.classpath.ClassPathScanner -- Found resource: db/migration/V2__Server_discovery.sql
21:29:17.632 [pool-1-thread-5] DEBUG org.flywaydb.core.internal.scanner.classpath.ClassPathScanner -- Found resource: db/migration/V3__Jar_symbols.sql
21:29:17.632 [pool-1-thread-5] DEBUG org.flywaydb.core.internal.scanner.classpath.ClassPathScanner -- Found resource: db/migration/V4__Fingerprints.sql
21:29:17.632 [pool-1-thread-5] DEBUG org.flywaydb.core.internal.scanner.classpath.ClassPathScanner -- Scanning for classes at classpath:db/migration
21:29:17.636 [pool-1-thread-5] DEBUG org.flywaydb.core.internal.scanner.Scanner -- Filtering out resource: db/migration/ (filename: )
21:29:17.636 [pool-1-thread-5] DEBUG org.flywaydb.core.internal.resource.ResourceNameValidator -- Validating V3__Jar_symbols.sql
21:29:17.638 [pool-1-thread-5] DEBUG org.flywaydb.core.internal.resource.ResourceNameValidator -- Validating V1__Create_tables.sql
21:29:17.638 [pool-1-thread-5] DEBUG org.flywaydb.core.internal.resource.ResourceNameValidator -- Validating V2__Server_discovery.sql
21:29:17.638 [pool-1-thread-5] DEBUG org.flywaydb.core.internal.resource.ResourceNameValidator -- Validating V4__Fingerprints.sql
21:29:17.729 [pool-1-thread-5] INFO org.flywaydb.core.FlywayExecutor -- Database: jdbc:h2:file:/home/peiheng/PSRP_RPD/.metals/metals (H2 2.2)
21:29:17.729 [pool-1-thread-5] DEBUG org.flywaydb.core.FlywayExecutor -- Driver: H2 JDBC Driver 2.2.224 (2023-09-17)
21:29:17.730 [pool-1-thread-5] DEBUG org.flywaydb.core.FlywayExecutor -- DDL Transactions Supported: false
21:29:17.731 [pool-1-thread-5] DEBUG org.flywaydb.core.internal.schemahistory.SchemaHistoryFactory -- Schemas: 
21:29:17.731 [pool-1-thread-5] DEBUG org.flywaydb.core.internal.schemahistory.SchemaHistoryFactory -- Default schema: null
21:29:17.742 [pool-1-thread-5] WARN org.flywaydb.core.internal.database.base.Database -- Flyway upgrade recommended: H2 2.2.224 is newer than this version of Flyway and support has not been tested. The latest supported version of H2 is 2.2.220.
21:29:17.743 [pool-1-thread-5] DEBUG org.flywaydb.core.internal.callback.SqlScriptCallbackFactory -- Scanning for SQL callbacks ...
21:29:17.743 [pool-1-thread-5] DEBUG org.flywaydb.core.internal.scanner.Scanner -- Filtering out resource: db/migration/ (filename: )
21:29:17.756 [pool-1-thread-5] DEBUG org.flywaydb.core.internal.command.DbValidate -- Validating migrations ...
21:29:17.761 [pool-1-thread-5] DEBUG org.flywaydb.core.internal.scanner.Scanner -- Filtering out resource: db/migration/ (filename: )
21:29:17.771 [pool-1-thread-5] DEBUG org.flywaydb.core.internal.scanner.Scanner -- Filtering out resource: db/migration/ (filename: )
21:29:17.771 [pool-1-thread-5] DEBUG org.flywaydb.core.internal.scanner.Scanner -- Filtering out resource: db/migration/V3__Jar_symbols.sql (filename: V3__Jar_symbols.sql)
21:29:17.771 [pool-1-thread-5] DEBUG org.flywaydb.core.internal.scanner.Scanner -- Filtering out resource: db/migration/V1__Create_tables.sql (filename: V1__Create_tables.sql)
21:29:17.772 [pool-1-thread-5] DEBUG org.flywaydb.core.internal.scanner.Scanner -- Filtering out resource: db/migration/V2__Server_discovery.sql (filename: V2__Server_discovery.sql)
21:29:17.772 [pool-1-thread-5] DEBUG org.flywaydb.core.internal.scanner.Scanner -- Filtering out resource: db/migration/V4__Fingerprints.sql (filename: V4__Fingerprints.sql)
21:29:17.773 [pool-1-thread-5] DEBUG org.flywaydb.core.internal.scanner.Scanner -- Filtering out resource: db/migration/ (filename: )
21:29:17.773 [pool-1-thread-5] DEBUG org.flywaydb.core.internal.scanner.Scanner -- Filtering out resource: db/migration/V3__Jar_symbols.sql (filename: V3__Jar_symbols.sql)
21:29:17.773 [pool-1-thread-5] DEBUG org.flywaydb.core.internal.scanner.Scanner -- Filtering out resource: db/migration/V1__Create_tables.sql (filename: V1__Create_tables.sql)
21:29:17.773 [pool-1-thread-5] DEBUG org.flywaydb.core.internal.scanner.Scanner -- Filtering out resource: db/migration/V2__Server_discovery.sql (filename: V2__Server_discovery.sql)
21:29:17.773 [pool-1-thread-5] DEBUG org.flywaydb.core.internal.scanner.Scanner -- Filtering out resource: db/migration/V4__Fingerprints.sql (filename: V4__Fingerprints.sql)
21:29:17.790 [pool-1-thread-5] INFO org.flywaydb.core.internal.command.DbValidate -- Successfully validated 4 migrations (execution time 00:00.032s)
21:29:17.793 [pool-1-thread-5] DEBUG org.flywaydb.core.internal.command.DbSchemas -- Skipping creation of existing schema: "PUBLIC"
21:29:17.803 [pool-1-thread-5] INFO org.flywaydb.core.internal.command.DbMigrate -- Current version of schema "PUBLIC": 4
21:29:17.817 [pool-1-thread-5] INFO org.flywaydb.core.internal.command.DbMigrate -- Schema "PUBLIC" is up to date. No migration necessary.
21:29:18.059 [pool-1-thread-5] DEBUG org.flywaydb.core.FlywayExecutor -- Memory usage: 31 of 102M
2024.03.19 21:29:18 WARN  no build tool detected in workspace '/home/peiheng/PSRP_RPD'. The most common cause for this problem is that the editor was opened in the wrong working directory, for example if you use sbt then the workspace directory should contain build.sbt. [0m
2024.03.19 21:29:18 WARN  Build server is not auto-connectable.[0m
2024.03.19 22:14:56 INFO  Shutting down server[0m
2024.03.19 22:14:56 INFO  shutting down Metals[0m
2024.03.19 22:14:56 INFO  Exiting server[0m
